CREATE EXTENSION pg_aa;
CREATE TABLE logo (name text NOT NULL, data bytea NOT NULL);
\copy logo FROM 'data/logo.data'
SELECT aa_out(data, 20) FROM logo ORDER BY name;
        aa_out        
----------------------
        qyggwp+      +
       jWQQU$Qr      +
       ]p%Y]nQk      +
       .L,.uJQQ,     +
      qZ'W'= )QQc    +
     j$'      ?m$g,  +
    qh'        $SQ[  +
  -.T1p       ,dmmt  +
 ](`  )$c    yf]!')_,+
 ]'    /\ggaaQf   ..`+
 W^-^y../"""""s..-+  
  :qgsggggagsaaiigp- +
  JiQQQnSQWWW#I5cQI5 +
 )kmQWQmaa%WWWQadcWd +
  5mQWQEZ*SWWW3I3cQf +
  ]%WWik#WdWWW)h3c2t +
   5WWW5auCQWQQ)$2'y +
   /5%aSgXdcQWWxhoX?t+
     ^t/""<eWWWj'    +
          ]zWWQ2     +
           "l%!`     
(2 rows)

SELECT aa_out(data, 40) FROM logo ORDER BY name;
                  aa_out                  
------------------------------------------
                ygaawaag,n               +
               qQQQQWWQQQmc              +
              jQQQQQQQQQQQQc             +
              ]QWWQQQBT$QQQQ             +
              ]Faq4QB_wq]QQQr            +
              ]L$T3??)$EjQQQ[            +
              )@`     _/)WQQk            +
              jWo(__-~q/?QQQQp           +
             jmD'"+Y""'  4WQQQa          +
           .wWD`          ]QQQQg,        +
          jmQW'           )$QWWQQa       +
         yQEm(             /4Qw9QWL.     +
         jEd(               WWQk$WQc     +
        j@jf                 ]QBjQQQ,    +
       jQkd`                 ]QfmQQQf    +
      yWT$w=               -.]$wggZ$`    +
   _g_J'  "$wp,           :2-3WWQQ@"c    +
  ]`       )$QQa,          f  "T?"` ),   +
  )r         ?QW[         qf         7^g,+
  j'          ]g,      _amQf          _)'+
 ](            ]QmgygmQQQQQf      y_7^'  +
  W~~~?__,,    .UT??????TTVc    .p^t     +
          ?~--"^           "~uw"`        
       ..____,    -._g____gaaaagg,-      +
    yawTTYYYYTVSwwVTYYYYTVWwc|0*YYAwg,   +
   jm!mWWWWWWWQmYKWmW##mWWmITmaWmWmWYmp  +
  .m1WQWWWWWWQQ1WWWQWWQWWWWWWW9m%WWWW)Q  +
  ]WWWWWQWWWWmk#WWWWWWWWQWWWWWW?m%WWWQQt +
  ]QWWWWWWQWQQawwwqaQQWWWWWQayXXQkWWQjE  +
  :WcWWQWWWWiQY0WXS$p#WQWWQxWIT(dkmWQm(  +
   ]kQWWWWQWQQQWQWm)Q#WWWWW)QpQQWcQWjE   +
   ]Q%WWWWWQ{QWWWWWiQmQWWQWQ3mWQdkmx@`   +
    3kmWWQWW{QmQWWQjDWWWWWWWW9m>dkxW'    +
    W$cQWWWQQ$p#WWxW(QWWQWWWWW3mQbZ'     +
     4QmQQWWWW$mwaQC>QWQWWWQWWW3QD`=y.,  +
      )m%WWWsyY')qDY$zQWWWQWWQx@!YTVVQD` +
       "$wawPsyZT*swWkWWWWWWWWdDY2Y??~   +
         ?"` W"????~]kWWWWQWWQmf         +
                    jkmWWWWWQQQ'         +
                    ]kQWQWQWWjE          +
                    jQWWWWWWQm[          +
                     ?maiiawd!           +
                      /"??"~             
(2 rows)

SELECT caca_out(data, 20) FROM logo ORDER BY name;
                                                                                                                                                                                  caca_out                                                                                                                                                                                  
----------------------------------------------------------------------------------------------------------------------------------------------------------------------------------------------------------------------------------------------------------------------------------------------------------------------------------------------------------------------------
 \x1B[0;34;40m       \x1B[0;36;5;40;100m \x1B[0;1;37;97;47m;@X\x1B[0;1;30;90;47m \x1B[0;36;5;40;100m \x1B[0;34;40m       \x1B[0m                                                                                                                                                                                                                                           +
 \x1B[0;34;40m      \x1B[0;30;5;40;100m8\x1B[0;37;5;47;107mtt \x1B[0;1;37;97;47m8\x1B[0;37;5;47;107mS \x1B[0;36;5;40;100m \x1B[0;34;40m.\x1B[0;32;40m     \x1B[0m                                                                                                                                                                                                          +
 \x1B[0;34;40m      \x1B[0;1;30;90;40m8\x1B[0;1;37;97;47m.\x1B[0;1;30;90;47m@;\x1B[0;37;5;40;100m8\x1B[0;1;30;90;47mS\x1B[0;37;5;47;107m \x1B[0;1;37;97;47m;\x1B[0;32;40m.\x1B[0;31;40m     \x1B[0m                                                                                                                                                                        +
 \x1B[0;34;40m      \x1B[0;1;30;90;40m%\x1B[0;1;30;90;47m.\x1B[0;1;30;90;40m8@\x1B[0;30;5;40;100m%X\x1B[0;37;5;47;107m.;\x1B[0;30;5;40;100m8\x1B[0;31;40m     \x1B[0m                                                                                                                                                                                                      +
 \x1B[0;34;40m     \x1B[0;36;5;40;100m \x1B[0;1;37;97;47mX\x1B[0;30;5;40;100m8\x1B[0;34;40m:\x1B[0;1;30;90;40mX\x1B[0;32;40m  \x1B[0;33;5;40;100m \x1B[0;37;5;47;107m ;\x1B[0;37;5;40;100mS\x1B[0;31;40m.\x1B[0;34;40m   \x1B[0m                                                                                                                                           +
 \x1B[0;34;40m    \x1B[0;37;5;40;100mS\x1B[0;1;37;97;47m8\x1B[0;36;5;40;100mt\x1B[0;31;40m .\x1B[0;32;40m   \x1B[0;31;40m.\x1B[0;37;5;40;100mX\x1B[0;37;5;47;107mS8\x1B[0;1;37;97;47mS\x1B[0;34;40m:\x1B[0;32;40m.\x1B[0;31;40m \x1B[0m                                                                                                                                    +
 \x1B[0;34;40m   \x1B[0;36;5;40;100m \x1B[0;1;37;97;47mt\x1B[0;35;5;40;100m.\x1B[0;31;40m     \x1B[0;32;40m   \x1B[0;1;37;97;47mXS\x1B[0;37;5;47;107m \x1B[0;1;30;90;47mX\x1B[0;31;40m  \x1B[0m                                                                                                                                                                            +
 \x1B[0;34;40m  \x1B[0;1;30;90;40m%\x1B[0;1;30;90;47m%S\x1B[0;33;5;40;100m;\x1B[0;34;40m \x1B[0;31;40m    \x1B[0;32;40m  \x1B[0;1;30;90;40m8\x1B[0;1;37;97;47m.8\x1B[0;37;5;47;107mS\x1B[0;1;30;90;47m8\x1B[0;31;40m  \x1B[0m                                                                                                                                              +
 \x1B[0;1;30;90;40m8\x1B[0;30;5;40;100m8\x1B[0;34;40m;\x1B[0;32;40m.\x1B[0;31;40m \x1B[0;35;5;40;100m.\x1B[0;1;37;97;47m8\x1B[0;37;5;40;100mX\x1B[0;31;40m    \x1B[0;32;40m:\x1B[0;35;5;40;100m;\x1B[0;1;30;90;40m8\x1B[0;37;5;40;100mS\x1B[0;30;5;40;100mX\x1B[0;1;30;90;40mX8\x1B[0;31;40m;\x1B[0m                                                                       +
 \x1B[0;30;5;40;100m8\x1B[0;32;40m;\x1B[0;31;40m:.\x1B[0;34;40m  \x1B[0;1;30;90;40mS\x1B[0;35;5;40;100m \x1B[0;33;5;40;100m .\x1B[0;35;5;40;100m \x1B[0;1;30;90;47mt\x1B[0;37;5;47;107mS\x1B[0;30;5;40;100mX\x1B[0;32;40m.  \x1B[0;1;30;90;40mSX\x1B[0;30;5;40;100m8\x1B[0m                                                                                                +
 \x1B[0;34;40m:\x1B[0;1;30;90;40mXXXS%X\x1B[0;35;5;40;100m.\x1B[0;36;5;40;100m .\x1B[0;35;5;40;100m:\x1B[0;33;5;40;100m.\x1B[0;36;5;40;100m \x1B[0;30;5;40;100m8\x1B[0;1;30;90;40mS@@\x1B[0;32;40m.\x1B[0;34;40m  \x1B[0m
 \x1B[0;34;40m .\x1B[0;36;5;40;100m;.   .    \x1B[0;1;30;90;47m%X\x1B[0;36;5;40;100m \x1B[0;37;5;40;100m8\x1B[0;36;5;40;100m;t\x1B[0;31;40m  \x1B[0m                                                                                                                                                                                                                       +
 \x1B[0;34;40m \x1B[0;1;30;90;47mt\x1B[0;1;30;90;46m888\x1B[0;37;46m@\x1B[0;36;47m@\x1B[0;1;30;90;47m;\x1B[0;1;30;90;46m88\x1B[0;37;46m@\x1B[0;1;30;90;46m88\x1B[0;36;47m8\x1B[0;1;36;96;47mS\x1B[0;36;47m8\x1B[0;1;30;90;46m88\x1B[0;1;37;97;47m \x1B[0;34;40m:\x1B[0m                                                                                                    +
 \x1B[0;1;30;90;40mS\x1B[0;1;37;97;47m.\x1B[0;1;30;90;46m8\x1B[0;37;46m8\x1B[0;36;5;44;104m@\x1B[0;36;5;40;100m:\x1B[0;37;5;47;107m8\x1B[0;36;47m8\x1B[0;1;36;96;47m@\x1B[0;36;5;44;104mS\x1B[0;36;47m8\x1B[0;1;34;94;46m8\x1B[0;1;30;90;46m8\x1B[0;37;46m8\x1B[0;1;30;90;47m8\x1B[0;1;37;97;47m:\x1B[0;36;47m8\x1B[0;36;5;44;104mX\x1B[0;1;37;97;47mS\x1B[0;34;40m.\x1B[0m+
 \x1B[0;34;40m \x1B[0;1;37;97;47m.\x1B[0;1;30;90;46m8\x1B[0;1;34;94;46m8\x1B[0;1;30;90;47m8\x1B[0;1;34;94;46m8\x1B[0;1;37;97;47m@\x1B[0;1;34;94;46m8\x1B[0;1;30;90;47m@\x1B[0;1;37;97;47m@\x1B[0;1;30;90;46m88\x1B[0;36;5;44;104mX\x1B[0;1;37;97;47mS\x1B[0;36;47m8\x1B[0;1;36;96;47mS\x1B[0;36;47m@\x1B[0;1;30;90;47m8\x1B[0;37;5;40;100mX\x1B[0;34;40m;\x1B[0m           +
 \x1B[0;34;40m \x1B[0;37;5;40;100m%\x1B[0;36;47m8\x1B[0;1;30;90;46m88\x1B[0;36;47m8\x1B[0;1;37;97;47m \x1B[0;1;30;90;46m8\x1B[0;1;34;94;46m8\x1B[0;1;37;97;47mX\x1B[0;1;30;90;46m8\x1B[0;36;47m8\x1B[0;1;30;90;46m8\x1B[0;36;47m8\x1B[0;1;37;97;47m \x1B[0;1;34;94;47m@\x1B[0;36;47m8\x1B[0;1;37;97;47m \x1B[0;34;40m@ \x1B[0m                                             +
 \x1B[0;34;40m t\x1B[0;1;37;97;47m \x1B[0;1;30;90;46m8\x1B[0;36;5;44;104mS\x1B[0;1;30;90;46m8\x1B[0;1;37;97;47m:\x1B[0;1;36;96;47mS\x1B[0;1;30;90;47mS\x1B[0;1;36;96;47m%\x1B[0;36;5;44;104m@\x1B[0;36;5;40;100m:\x1B[0;36;5;44;104mS\x1B[0;1;30;90;46m8\x1B[0;36;47m8\x1B[0;37;5;47;107m8\x1B[0;1;37;97;47m \x1B[0;30;44m8\x1B[0;34;40m:\x1B[0;32;40m.\x1B[0m             +
 \x1B[0;34;40m .8\x1B[0;1;37;97;47m \x1B[0;1;30;90;47mS\x1B[0;36;47mX\x1B[0;1;37;97;47m \x1B[0;37;5;40;100m;\x1B[0;1;37;97;47m \x1B[0;37;5;47;107m8\x1B[0;36;47m8\x1B[0;1;30;90;46m8\x1B[0;36;47m8\x1B[0;1;34;94;46m8\x1B[0;1;30;90;47m8\x1B[0;1;37;97;47m  \x1B[0;1;30;90;47m:8\x1B[0;34;40m:\x1B[0m                                                                      +
 \x1B[0;34;40m \x1B[0;31;40m..\x1B[0;34;40m;8@\x1B[0;1;30;90;44m@\x1B[0;36;5;40;100m%\x1B[0;34;5;40;100m8\x1B[0;35;5;40;100m;\x1B[0;36;47m@\x1B[0;1;34;94;46m8\x1B[0;36;5;40;100m.\x1B[0;1;30;90;46m8\x1B[0;1;37;97;47m \x1B[0;36;44mt\x1B[0;34;40m%;.\x1B[0;32;40m \x1B[0m                                                                                                +
 \x1B[0;34;40m \x1B[0;32;40m  .:\x1B[0;31;40m:  \x1B[0;34;40m \x1B[0;34;5;40;100m8\x1B[0;1;30;90;47mt\x1B[0;1;30;90;46m8\x1B[0;1;34;94;46m8\x1B[0;36;47m8\x1B[0;1;37;97;47m \x1B[0;34;40m%   \x1B[0;32;40m \x1B[0m                                                                                                                                                         +
 \x1B[0;34;40m \x1B[0;32;40m \x1B[0;34;40m \x1B[0;31;40m .\x1B[0;32;40m \x1B[0;31;40m   \x1B[0;32;40m \x1B[0;36;5;40;100m.\x1B[0;1;30;90;47m88\x1B[0;36;5;40;100m;\x1B[0;30;44mX\x1B[0;32;40m.\x1B[0;34;40m    \x1B[0m
(2 rows)

SELECT caca_out(data, 40) FROM logo ORDER BY name;
                                                                                                                                                                                                                                                                                                                                                              caca_out                                                                                                                                                                                                                                                                                                                                                               
-------------------------------------------------------------------------------------------------------------------------------------------------------------------------------------------------------------------------------------------------------------------------------------------------------------------------------------------------------------------------------------------------------------------------------------------------------------------------------------------------------------------------------------------------------------------------------------------------------------------------------------------------------------------------------------------------------------------------------------
 \x1B[0;34;40m               :\x1B[0;33;5;40;100m.\x1B[0;37;5;40;100m@\x1B[0;1;30;90;47m@%%8\x1B[0;36;5;40;100m \x1B[0;30;5;40;100mS\x1B[0;34;40m                \x1B[0m                                                                                                                                                                                                                                                                                                                                                                                                                                                                                                                                                            +
 \x1B[0;34;40m              \x1B[0;33;5;40;100m \x1B[0;37;5;47;107mt    .   X\x1B[0;36;5;40;100m \x1B[0;34;40m.\x1B[0;32;40m     \x1B[0;34;40m        \x1B[0m                                                                                                                                                                                                                                                                                                                                                                                                                                                                                                                                                                       +
 \x1B[0;34;40m             \x1B[0;30;5;40;100m@\x1B[0;37;5;47;107m  .         \x1B[0;37;5;40;100m8\x1B[0;32;40m.\x1B[0;31;40m     \x1B[0;34;40m       \x1B[0m                                                                                                                                                                                                                                                                                                                                                                                                                                                                                                                                                                       +
 \x1B[0;34;40m            \x1B[0;32;40m \x1B[0;37;5;40;100m@\x1B[0;37;5;47;107m %t . @\x1B[0;1;37;97;47mt8\x1B[0;37;5;47;107m.  :\x1B[0;31;40m;\x1B[0;34;40m.\x1B[0;32;40m     \x1B[0;34;40m      \x1B[0m                                                                                                                                                                                                                                                                                                                                                                                                                                                                                                                           +
 \x1B[0;34;40m             \x1B[0;37;5;40;100mS\x1B[0;1;37;97;47m;\x1B[0;37;5;40;100m%\x1B[0;33;5;40;100m \x1B[0;1;37;97;47mt\x1B[0;37;5;47;107m S\x1B[0;30;5;40;100m8\x1B[0;1;30;90;47mt\x1B[0;33;5;40;100m \x1B[0;1;30;90;47m8\x1B[0;37;5;47;107m   \x1B[0;36;5;40;100mt\x1B[0;31;40m   \x1B[0;32;40m   \x1B[0;34;40m      \x1B[0m                                                                                                                                                                                                                                                                                                                                                                                                +
 \x1B[0;34;40m            \x1B[0;32;40m \x1B[0;33;5;40;100m:\x1B[0;1;37;97;47m:@%\x1B[0;1;30;90;47mt8S\x1B[0;33;5;40;100m \x1B[0;37;5;47;107mX\x1B[0;1;37;97;47m8\x1B[0;1;30;90;47mS\x1B[0;37;5;47;107m  .\x1B[0;37;5;40;100mS\x1B[0;31;40m     \x1B[0;32;40m  \x1B[0;34;40m     \x1B[0m                                                                                                                                                                                                                                                                                                                                                                                                                                            +
 \x1B[0;34;40m             t\x1B[0;37;5;47;107mt\x1B[0;1;30;90;40m8\x1B[0;32;40m   .\x1B[0;31;40m.\x1B[0;1;30;90;40m8\x1B[0;30;5;40;100m8\x1B[0;36;5;40;100m:\x1B[0;37;5;47;107m:  \x1B[0;1;37;97;47mt\x1B[0;31;40m     \x1B[0;32;40m  \x1B[0;34;40m     \x1B[0m                                                                                                                                                                                                                                                                                                                                                                                                                                                                    +
 \x1B[0;34;40m            \x1B[0;32;40m \x1B[0;1;30;90;40mX\x1B[0;37;5;47;107m \x1B[0;1;30;90;47mt\x1B[0;30;5;40;100m8\x1B[0;1;30;90;40m88\x1B[0;30;5;40;100m8X\x1B[0;36;5;40;100m.\x1B[0;35;5;40;100mt\x1B[0;33;5;40;100m \x1B[0;37;5;47;107m    \x1B[0;33;5;40;100m \x1B[0;31;40m     \x1B[0;32;40m \x1B[0;34;40m     \x1B[0m                                                                                                                                                                                                                                                                                                                                                                                                     +
 \x1B[0;34;40m           \x1B[0;32;40m \x1B[0;1;30;90;40m8\x1B[0;1;37;97;47m8\x1B[0;37;5;47;107mS\x1B[0;1;30;90;40m@\x1B[0;33;5;40;100m:\x1B[0;35;5;40;100mt\x1B[0;30;5;40;100m@\x1B[0;36;5;40;100mt\x1B[0;31;5;40;100mS\x1B[0;32;40m; :\x1B[0;1;30;90;47m@\x1B[0;37;5;47;107m   .\x1B[0;37;5;40;100m8\x1B[0;31;40m.\x1B[0;32;40m   \x1B[0;34;40m      \x1B[0m                                                                                                                                                                                                                                                                                                                                                                      +
 \x1B[0;34;40m          :\x1B[0;1;30;90;47m@\x1B[0;37;5;47;107m:S\x1B[0;1;30;90;40m8\x1B[0;32;40m     \x1B[0;34;40m    \x1B[0;31;40m \x1B[0;1;30;90;47mt\x1B[0;37;5;47;107m .  \x1B[0;1;37;97;47m%\x1B[0;1;30;90;40m8\x1B[0;32;40m   \x1B[0;34;40m     \x1B[0m                                                                                                                                                                                                                                                                                                                                                                                                                                                                      +
 \x1B[0;34;40m         \x1B[0;30;5;40;100m8\x1B[0;37;5;47;107m8  \x1B[0;33;5;40;100m%\x1B[0;34;40m   \x1B[0;32;40m    \x1B[0;34;40m   \x1B[0;31;40m \x1B[0;1;30;90;40m@\x1B[0;37;5;47;107mX t. :\x1B[0;37;5;40;100m8\x1B[0;32;40m  \x1B[0;34;40m     \x1B[0m                                                                                                                                                                                                                                                                                                                                                                                                                                                                        +
 \x1B[0;34;40m        \x1B[0;32;40m.\x1B[0;37;5;47;107m8\x1B[0;1;37;97;47m88\x1B[0;37;5;40;100mS\x1B[0;34;40m    \x1B[0;32;40m    \x1B[0;34;40m    \x1B[0;31;40m ;\x1B[0;1;37;97;47mt\x1B[0;37;5;47;107mt\x1B[0;1;37;97;47mt;\x1B[0;37;5;47;107m  \x1B[0;1;30;90;47m.\x1B[0;34;40m      \x1B[0m                                                                                                                                                                                                                                                                                                                                                                                                                                     +
 \x1B[0;34;40m       \x1B[0;31;40m \x1B[0;1;30;90;47m@\x1B[0;37;5;47;107m8\x1B[0;1;37;97;47mt\x1B[0;37;5;40;100mX\x1B[0;34;40m      \x1B[0;32;40m    \x1B[0;34;40m   .\x1B[0;32;40m.\x1B[0;34;40m:\x1B[0;37;5;47;107m@ \x1B[0;1;37;97;47mtX\x1B[0;37;5;47;107m  \x1B[0;1;30;90;47m8\x1B[0;34;40m     \x1B[0m                                                                                                                                                                                                                                                                                                                                                                                                                        +
 \x1B[0;34;40m      \x1B[0;31;40m \x1B[0;37;5;40;100m8\x1B[0;37;5;47;107m:\x1B[0;1;30;90;47mX.\x1B[0;31;40m \x1B[0;34;40m      \x1B[0;32;40m    \x1B[0;34;40m  \x1B[0;32;40m   .\x1B[0;1;30;90;47m8\x1B[0;37;5;47;107m.S\x1B[0;1;30;90;47m;\x1B[0;37;5;47;107m. :\x1B[0;32;40m;\x1B[0;34;40m.\x1B[0;31;40m.\x1B[0;34;40m  \x1B[0m                                                                                                                                                                                                                                                                                                                                                                                                   +
 \x1B[0;34;40m      \x1B[0;1;30;90;47m8\x1B[0;37;5;47;107m \x1B[0;1;37;97;47mX;\x1B[0;30;5;40;100mX\x1B[0;31;40m \x1B[0;34;40m       \x1B[0;32;40m   \x1B[0;34;40m  \x1B[0;32;40m   \x1B[0;31;40m \x1B[0;37;5;40;100mX\x1B[0;37;5;47;107m \x1B[0;1;30;90;47m;\x1B[0;37;5;47;107m@   \x1B[0;35;5;40;100m;\x1B[0;32;40m    \x1B[0m                                                                                                                                                                                                                                                                                                                                                                                                    +
 \x1B[0;34;40m     .\x1B[0;37;5;47;107mt\x1B[0;1;37;97;47mS\x1B[0;37;5;47;107mX\x1B[0;1;30;90;47m.\x1B[0;1;30;90;40m8\x1B[0;31;40m \x1B[0;34;40m        \x1B[0;32;40m  \x1B[0;34;40m \x1B[0;32;40m    \x1B[0;1;30;90;40mS\x1B[0;37;5;40;100mS\x1B[0;1;37;97;47mt:@@S8\x1B[0;1;30;90;40m8\x1B[0;32;40m    \x1B[0m                                                                                                                                                                                                                                                                                                                                                                                                                    +
 \x1B[0;34;40m  \x1B[0;30;5;40;100m8SX\x1B[0;37;5;40;100mS\x1B[0;1;30;90;40mX\x1B[0;31;40m  \x1B[0;33;5;40;100m:\x1B[0;37;5;47;107m8\x1B[0;1;30;90;47m.\x1B[0;35;5;40;100m.\x1B[0;32;40m.\x1B[0;34;40m        \x1B[0;32;40m    \x1B[0;1;30;90;47mS\x1B[0;1;30;90;40m8\x1B[0;1;30;90;47m@\x1B[0;37;5;47;107m    %\x1B[0;37;5;40;100mS\x1B[0;33;5;40;100m \x1B[0;32;40m.\x1B[0;31;40m \x1B[0;34;40m  \x1B[0m                                                                                                                                                                                                                                                                                                                          +
 \x1B[0;34;40m \x1B[0;36;5;40;100m \x1B[0;30;5;40;100m8\x1B[0;32;40m \x1B[0;31;40m    \x1B[0;34;40m  \x1B[0;1;30;90;40mS\x1B[0;1;37;97;47m8\x1B[0;37;5;47;107m.t\x1B[0;1;30;90;47m8\x1B[0;34;40m:\x1B[0;32;40m.\x1B[0;31;40m \x1B[0;34;40m      \x1B[0;32;40m .\x1B[0;1;30;90;47m%\x1B[0;34;40m \x1B[0;31;40m.\x1B[0;36;5;40;100m \x1B[0;1;30;90;47mt%\x1B[0;36;5;40;100m \x1B[0;32;40m;\x1B[0;31;40m:\x1B[0;36;5;40;100m \x1B[0;30;5;40;100m8\x1B[0;34;40m   \x1B[0m                                                                                                                                                                                                                                                               +
 \x1B[0;34;40m \x1B[0;36;5;40;100m%\x1B[0;30;5;40;100m8\x1B[0;31;40m     \x1B[0;34;40m   .\x1B[0;1;30;90;47m8\x1B[0;37;5;47;107m. \x1B[0;1;30;90;47m@\x1B[0;31;40m  \x1B[0;34;40m       \x1B[0;35;5;40;100m \x1B[0;1;30;90;47m%\x1B[0;34;40m .\x1B[0;32;40m.\x1B[0;31;40m \x1B[0;34;40m.\x1B[0;31;40m:\x1B[0;34;40m:.\x1B[0;32;40m.\x1B[0;30;5;40;100m@\x1B[0;35;5;40;100mt\x1B[0;36;5;40;100m:\x1B[0;31;40m:\x1B[0m                                                                                                                                                                                                                                                                                                                +
 \x1B[0;34;40m \x1B[0;30;5;40;100m88\x1B[0;31;40m.    \x1B[0;34;40m   \x1B[0;32;40m  \x1B[0;30;5;40;100m@\x1B[0;33;5;40;100m \x1B[0;31;40m;\x1B[0;32;40m.\x1B[0;34;40m     \x1B[0;1;30;90;40m8\x1B[0;37;5;40;100mX\x1B[0;1;37;97;47m8\x1B[0;37;5;47;107m \x1B[0;1;30;90;47mS\x1B[0;31;40m    \x1B[0;32;40m .\x1B[0;31;40m.\x1B[0;32;40m \x1B[0;34;40m \x1B[0;32;40m ;\x1B[0;33;5;40;100m \x1B[0;30;5;40;100m8\x1B[0m                                                                                                                                                                                                                                                                                                                +
 \x1B[0;1;30;90;40mS\x1B[0;37;5;40;100mS\x1B[0;31;40m      \x1B[0;34;40m   \x1B[0;32;40m  .\x1B[0;30;5;40;100m8\x1B[0;37;5;47;107mt\x1B[0;1;37;97;47m8t;%8\x1B[0;37;5;47;107m:    \x1B[0;35;5;40;100m \x1B[0;31;40m     \x1B[0;34;40m .\x1B[0;30;5;40;100mSSX\x1B[0;1;30;90;40m@\x1B[0;31;40m.\x1B[0;32;40m \x1B[0m                                                                                                                                                                                                                                                                                                                                                                                                                 +
 \x1B[0;34;40m \x1B[0;1;30;90;40mX\x1B[0;30;5;40;100m@8@XXX8\x1B[0;34;40m.\x1B[0;31;40m.\x1B[0;32;40m \x1B[0;34;40m  ;\x1B[0;1;37;97;47m8t\x1B[0;1;30;90;47m;S@@X%:\x1B[0;1;37;97;47m.8\x1B[0;1;30;90;40m8\x1B[0;31;40m    ;\x1B[0;36;5;40;100m;\x1B[0;31;5;40;100mS\x1B[0;32;40m:\x1B[0;34;40m.\x1B[0;31;40m \x1B[0;34;40m   \x1B[0m                                                                                                                                                                                                                                                                                                                                                                                               +
 \x1B[0;34;40m \x1B[0;31;40m       .\x1B[0;30;5;40;100m888\x1B[0;1;30;90;40m8\x1B[0;30;5;40;100mS\x1B[0;33;5;40;100mt\x1B[0;34;40m.\x1B[0;32;40m \x1B[0;34;40m        .\x1B[0;30;5;40;100mSX8X\x1B[0;36;5;40;100mt\x1B[0;30;5;40;100m8\x1B[0;32;40m \x1B[0;34;40m       \x1B[0m
 \x1B[0;34;40m       \x1B[0;1;30;90;40mS\x1B[0;30;5;40;100m888\x1B[0;1;30;90;40m@\x1B[0;34;40m;\x1B[0;32;40m.\x1B[0;31;40m.\x1B[0;32;40m  \x1B[0;34;40m \x1B[0;1;30;90;40mX\x1B[0;30;5;40;100m@SS8\x1B[0;1;30;90;40mX\x1B[0;30;5;40;100m8\x1B[0;36;5;40;100m.\x1B[0;35;5;40;100m \x1B[0;37;5;40;100m@@S\x1B[0;35;5;40;100m \x1B[0;36;5;40;100m.\x1B[0;1;30;90;40m@\x1B[0;31;40m.\x1B[0;34;40m      \x1B[0m                                                                                                                                                                                                                                                                                                                          +
 \x1B[0;34;40m   :\x1B[0;37;5;40;100mX\x1B[0;1;37;97;47m.%.\x1B[0;36;47mX\x1B[0;1;30;90;47m;\x1B[0;36;47mX\x1B[0;1;37;97;47m.tt: .%.\x1B[0;36;47m@\x1B[0;1;30;90;47m%\x1B[0;36;47m@\x1B[0;1;30;90;47m;\x1B[0;1;37;97;47m.X\x1B[0;37;5;47;107m@\x1B[0;1;37;97;47m8\x1B[0;36;47m@\x1B[0;1;30;90;46m8\x1B[0;1;30;90;47m8\x1B[0;37;46m8\x1B[0;1;30;90;47m@\x1B[0;1;37;97;47m %\x1B[0;1;30;90;47m \x1B[0;36;5;40;100m.\x1B[0;34;40m:\x1B[0;32;40m.\x1B[0;31;40m  \x1B[0m                                                                                                                                                                                                                                                                 +
 \x1B[0;34;40m  \x1B[0;30;5;40;100m8\x1B[0;37;5;47;107m8\x1B[0;1;30;90;47mt\x1B[0;1;30;90;46m@88\x1B[0;1;34;94;46m8\x1B[0;1;30;90;46m88\x1B[0;1;34;94;46m8\x1B[0;1;30;90;46m8\x1B[0;37;46m8\x1B[0;37;5;47;107m8\x1B[0;1;36;96;47m%\x1B[0;1;30;90;46m888\x1B[0;1;34;94;46m8\x1B[0;1;30;90;46m88\x1B[0;1;34;94;46m8\x1B[0;1;30;90;46m888\x1B[0;36;47m8\x1B[0;1;37;97;47m \x1B[0;37;5;47;107m8\x1B[0;1;36;96;47m8\x1B[0;34;46m8\x1B[0;1;30;90;46m8\x1B[0;1;34;94;46m8\x1B[0;1;30;90;46m88\x1B[0;1;37;97;47m 8\x1B[0;36;5;40;100m;\x1B[0;31;40m  \x1B[0m                                                                                                                                                                                +
 \x1B[0;34;40m \x1B[0;32;40m \x1B[0;37;5;47;107m8\x1B[0;1;30;90;47m%\x1B[0;1;30;90;46m%8\x1B[0;36;5;44;104mS\x1B[0;36;47m8\x1B[0;1;30;90;46m8\x1B[0;37;46m8\x1B[0;1;30;90;46m8\x1B[0;37;46m88\x1B[0;37;5;47;107m@\x1B[0;36;47m8\x1B[0;1;30;90;46m8\x1B[0;1;34;94;46m8\x1B[0;1;30;90;46m8\x1B[0;37;46m8\x1B[0;1;30;90;46m8\x1B[0;37;46m8\x1B[0;1;34;94;46m8\x1B[0;1;30;90;47m8\x1B[0;1;34;94;46m8\x1B[0;1;30;90;46m8\x1B[0;1;34;94;46m8\x1B[0;1;30;90;46m8\x1B[0;1;34;94;46m8\x1B[0;1;30;90;46m8\x1B[0;1;37;97;47m;\x1B[0;37;5;47;107m8\x1B[0;36;47m8\x1B[0;1;30;90;46m8\x1B[0;1;34;94;46m8\x1B[0;37;46m8\x1B[0;1;30;90;46m8\x1B[0;36;47m8\x1B[0;37;5;47;107m%\x1B[0;34;40m;\x1B[0;31;40m \x1B[0m                                    +
 \x1B[0;34;40m \x1B[0;30;5;40;100m8\x1B[0;37;5;47;107m;\x1B[0;1;30;90;46m@\x1B[0;1;34;94;46m8\x1B[0;1;30;90;47m8\x1B[0;1;30;90;46m88\x1B[0;1;34;94;46m8\x1B[0;36;5;40;100m \x1B[0;36;5;44;104mt\x1B[0;36;5;40;100m:\x1B[0;37;5;47;107m8\x1B[0;1;37;97;47m \x1B[0;36;5;44;104mS\x1B[0;36;5;40;100m.\x1B[0;36;47m8\x1B[0;36;5;44;104m@\x1B[0;36;5;40;100m \x1B[0;36;5;44;104m%\x1B[0;37;5;40;100m@\x1B[0;1;30;90;46m88\x1B[0;37;46m8\x1B[0;1;30;90;46m8\x1B[0;1;30;90;47m8\x1B[0;1;34;94;46m8\x1B[0;1;30;90;47m8\x1B[0;1;34;94;46m8\x1B[0;1;30;90;46m8\x1B[0;36;47mS\x1B[0;37;5;47;107m@\x1B[0;36;47m8\x1B[0;1;30;90;46m8\x1B[0;36;5;44;104m@\x1B[0;36;5;40;100m.\x1B[0;37;46m@\x1B[0;37;5;47;107m.\x1B[0;34;40mt\x1B[0;31;40m.\x1B[0m+
 \x1B[0;34;40m \x1B[0;30;5;40;100m@\x1B[0;37;5;47;107mt\x1B[0;1;30;90;46m88\x1B[0;1;34;94;46m8\x1B[0;1;30;90;46m8\x1B[0;36;47m8\x1B[0;1;30;90;46m8\x1B[0;37;46m8\x1B[0;1;30;90;46m8\x1B[0;1;34;94;46m8\x1B[0;37;5;47;107m \x1B[0;1;37;97;47m.@S;@:\x1B[0;1;30;90;46m8\x1B[0;1;34;94;46m8\x1B[0;37;46m8\x1B[0;1;34;94;46m8\x1B[0;36;5;40;100m \x1B[0;36;5;44;104mt\x1B[0;1;30;90;46m88\x1B[0;1;37;97;47m %;.\x1B[0;37;5;47;107m88\x1B[0;1;34;94;46m8\x1B[0;1;30;90;47m8\x1B[0;1;34;94;46m8\x1B[0;1;37;97;47m t\x1B[0;34;40m; \x1B[0m                                                                                                                                                                                                 +
 \x1B[0;34;40m .\x1B[0;37;5;47;107mS\x1B[0;1;30;90;47m8\x1B[0;1;30;90;46m8\x1B[0;36;47m8\x1B[0;36;5;44;104m8\x1B[0;36;5;40;100m:\x1B[0;36;5;44;104m%\x1B[0;1;30;90;47m8\x1B[0;1;30;90;46m8\x1B[0;36;47m8\x1B[0;37;5;47;107m.\x1B[0;1;36;96;47m@\x1B[0;1;34;94;46m8\x1B[0;1;30;90;46m8\x1B[0;1;37;97;47mt\x1B[0;1;36;96;47mX\x1B[0;37;5;47;107m8\x1B[0;1;37;97;47m;\x1B[0;1;30;90;46m88\x1B[0;36;47m8\x1B[0;1;34;94;46m8\x1B[0;1;30;90;47m@\x1B[0;1;30;90;46m8\x1B[0;36;47mX\x1B[0;37;5;47;107m@\x1B[0;36;47m8\x1B[0;1;37;97;47m \x1B[0;1;36;96;5;44;104m8\x1B[0;37;5;47;107m8\x1B[0;1;37;97;47m \x1B[0;1;30;90;46m888\x1B[0;37;5;47;107m@\x1B[0;35;5;40;100m:\x1B[0;34;40m; \x1B[0m                                                 +
 \x1B[0;34;40m .\x1B[0;1;30;90;47mX\x1B[0;1;37;97;47m%\x1B[0;1;34;94;46m8\x1B[0;36;5;40;100m:\x1B[0;37;46m8\x1B[0;1;30;90;46m88\x1B[0;1;34;94;46m8\x1B[0;37;46m8\x1B[0;1;34;94;46m8\x1B[0;37;5;47;107m \x1B[0;36;5;40;100m.\x1B[0;37;46m@\x1B[0;1;34;94;46m8\x1B[0;1;30;90;46m8\x1B[0;1;34;94;46m8\x1B[0;36;47m8\x1B[0;37;5;47;107m%\x1B[0;1;34;94;46m8\x1B[0;36;47m8\x1B[0;34;46m8\x1B[0;36;5;40;100m.\x1B[0;1;34;94;46m8\x1B[0;37;46m8\x1B[0;1;34;94;46m8\x1B[0;37;5;47;107m \x1B[0;1;34;94;46m8\x1B[0;36;47m8\x1B[0;1;30;90;46m8\x1B[0;37;5;47;107m8\x1B[0;1;36;96;47m@\x1B[0;36;5;44;104m@\x1B[0;1;30;90;47m8\x1B[0;1;37;97;47m :\x1B[0;34;40m@  \x1B[0m                                                                        +
 \x1B[0;34;40m  \x1B[0;1;30;90;40m@\x1B[0;37;5;47;107m:\x1B[0;36;47m8\x1B[0;1;34;94;46m8\x1B[0;1;30;90;46m8\x1B[0;1;34;94;47m8\x1B[0;1;30;90;46m88\x1B[0;36;5;40;100m \x1B[0;36;47m@\x1B[0;37;5;47;107m \x1B[0;1;34;94;46m8\x1B[0;36;5;40;100m.\x1B[0;37;46m8\x1B[0;1;30;90;46m8\x1B[0;37;46m8\x1B[0;36;47m8\x1B[0;37;5;47;107m.\x1B[0;1;30;90;46m8\x1B[0;36;5;44;104m@\x1B[0;1;30;90;47m8\x1B[0;1;30;90;46m88\x1B[0;37;46m8\x1B[0;1;30;90;46m8\x1B[0;1;37;97;47m.\x1B[0;37;5;47;107m8\x1B[0;1;34;94;46m8\x1B[0;1;30;90;46m8\x1B[0;37;5;47;107m8\x1B[0;1;37;97;47m \x1B[0;1;30;90;46m8\x1B[0;36;47m8\x1B[0;37;5;47;107m8\x1B[0;30;44mX\x1B[0;32;40m.\x1B[0;34;40m  \x1B[0m                                                          +
 \x1B[0;34;40m .:\x1B[0;1;30;90;47mX\x1B[0;1;37;97;47mt\x1B[0;1;30;90;46m888\x1B[0;37;5;44;104m8\x1B[0;1;30;90;46m8\x1B[0;36;5;44;104mt\x1B[0;1;30;90;47m;\x1B[0;37;5;47;107mt\x1B[0;1;30;90;46m8\x1B[0;1;34;94;46m8\x1B[0;36;47m8\x1B[0;36;5;44;104m@\x1B[0;36;5;40;100m:\x1B[0;1;37;97;47m \x1B[0;37;5;47;107m8\x1B[0;1;34;94;46m8\x1B[0;37;5;40;100m@\x1B[0;1;34;94;46m8\x1B[0;37;46m8\x1B[0;36;5;44;104m@\x1B[0;36;5;40;100m \x1B[0;36;5;44;104m%\x1B[0;37;46m8\x1B[0;1;37;97;47m:\x1B[0;37;5;47;107m8\x1B[0;1;34;94;46m8\x1B[0;1;37;97;47m% \x1B[0;1;34;94;47m8\x1B[0;37;5;47;107m@\x1B[0;34;5;40;100m8\x1B[0;32;40m.\x1B[0;34;40m   \x1B[0m                                                                                   +
 \x1B[0;34;40m \x1B[0;32;40m \x1B[0;34;40m.%\x1B[0;37;5;47;107m%\x1B[0;36;47mX\x1B[0;36;5;44;104mS\x1B[0;1;30;90;47m8\x1B[0;1;30;90;46m8\x1B[0;37;46m8\x1B[0;1;30;90;46m88\x1B[0;37;5;47;107m@\x1B[0;1;37;97;47m.\x1B[0;1;30;90;46m88\x1B[0;37;46m8\x1B[0;1;34;94;47m8\x1B[0;37;5;47;107mX\x1B[0;37;46m8\x1B[0;1;30;90;46m8888\x1B[0;36;47m8\x1B[0;1;30;90;46m8\x1B[0;36;47m8\x1B[0;1;30;90;46m8\x1B[0;1;34;94;46m8\x1B[0;1;37;97;47m;\x1B[0;37;5;47;107mXX\x1B[0;1;37;97;47mt\x1B[0;37;5;47;107mS\x1B[0;34;5;40;100m@\x1B[0;34;40m     \x1B[0m                                                                                                                                                                                     +
 \x1B[0;34;40m \x1B[0;32;40m .\x1B[0;34;40m.\x1B[0;35;5;40;100m%\x1B[0;37;5;47;107mS\x1B[0;37;46m8\x1B[0;1;30;90;46m8\x1B[0;1;34;94;46m8\x1B[0;1;30;90;46m8\x1B[0;36;47m8\x1B[0;36;5;44;104mX\x1B[0;37;46m8\x1B[0;37;5;47;107m88\x1B[0;1;37;97;47m \x1B[0;1;36;96;47mS\x1B[0;37;5;47;107m8\x1B[0;1;37;97;47m \x1B[0;36;5;44;104m%\x1B[0;36;47m8\x1B[0;1;34;94;46m8\x1B[0;1;30;90;47m8\x1B[0;36;5;44;104m@\x1B[0;1;30;90;46m8\x1B[0;1;34;94;46m8\x1B[0;36;5;40;100m:\x1B[0;1;34;94;46m8\x1B[0;1;30;90;47m8\x1B[0;1;30;90;46m@\x1B[0;1;37;97;47m \x1B[0;37;5;47;107mt@\x1B[0;1;30;90;44m8\x1B[0;32;40m.\x1B[0;34;40m:\x1B[0;1;30;90;40m@@\x1B[0;32;40m \x1B[0;34;40m \x1B[0m                                                          +
 \x1B[0;34;40m \x1B[0;31;40m  \x1B[0;32;40m \x1B[0;34;40m \x1B[0;36;5;40;100m \x1B[0;37;5;47;107m8\x1B[0;37;46m8\x1B[0;36;5;40;100m:\x1B[0;36;5;44;104m%\x1B[0;36;5;40;100m.\x1B[0;36;47m8\x1B[0;37;5;47;107m8\x1B[0;1;30;90;47m8\x1B[0;1;30;90;44m%\x1B[0;34;5;40;100m8\x1B[0;1;37;97;47mt\x1B[0;37;5;47;107m8\x1B[0;1;36;96;47m%\x1B[0;37;5;47;107m%\x1B[0;1;30;90;47mS\x1B[0;1;30;90;46m88\x1B[0;37;46m8\x1B[0;36;5;40;100m:\x1B[0;37;46m8\x1B[0;1;34;94;46m8\x1B[0;1;30;90;47m8\x1B[0;34;46mS\x1B[0;36;47m@\x1B[0;37;5;47;107m8\x1B[0;1;36;96;47m8\x1B[0;36;47mS\x1B[0;1;37;97;47m:%8\x1B[0;37;5;47;107mt8\x1B[0;34;40m%\x1B[0;32;40m:\x1B[0m                                                                                   +
 \x1B[0;34;40m \x1B[0;31;40m \x1B[0;32;40m  \x1B[0;34;40m.:\x1B[0;35;5;40;100m%\x1B[0;1;37;97;47mS;\x1B[0;1;36;96;47mS\x1B[0;1;37;97;47m% \x1B[0;1;30;90;47m8\x1B[0;1;37;97;47mSS \x1B[0;36;47m8\x1B[0;37;46m8\x1B[0;1;37;97;47m \x1B[0;37;5;47;107mS\x1B[0;1;37;97;47mt\x1B[0;1;34;94;46m8\x1B[0;1;30;90;46m8\x1B[0;36;5;44;104mS\x1B[0;36;47m8\x1B[0;1;30;90;46m88\x1B[0;1;34;94;46m8\x1B[0;1;30;90;46m8\x1B[0;37;5;47;107m88\x1B[0;1;30;90;47m@\x1B[0;1;37;97;47m \x1B[0;1;30;90;47mt%\x1B[0;36;5;40;100m 8\x1B[0;31;40m . \x1B[0m                                                                                                                                                                                               +
 \x1B[0;34;40m  \x1B[0;32;40m    \x1B[0;34;40m:%\x1B[0;34;5;40;100m8\x1B[0;36;5;40;100m%\x1B[0;34;40m8%X\x1B[0;36;5;40;100m \x1B[0;1;30;90;47m8@8\x1B[0;37;5;40;100mS\x1B[0;1;30;90;44m8\x1B[0;1;30;90;47m%\x1B[0;1;37;97;47m%\x1B[0;1;30;90;46m8\x1B[0;36;47m8\x1B[0;1;30;90;46m8\x1B[0;1;34;94;46m8\x1B[0;37;5;40;100m:\x1B[0;1;34;94;46m8\x1B[0;1;30;90;47m8\x1B[0;1;34;94;46m8\x1B[0;37;5;47;107m@\x1B[0;35;5;40;100mS\x1B[0;34;40m8X%%; \x1B[0;31;40m   \x1B[0m                                                                                                                                                                                                                                                                +
 \x1B[0;34;40m   \x1B[0;32;40m      \x1B[0;31;40m .\x1B[0;32;40m..\x1B[0;34;40m;;t%t:\x1B[0;1;30;90;47mX\x1B[0;1;37;97;47mt\x1B[0;1;34;94;46m8\x1B[0;1;30;90;46m8\x1B[0;1;30;90;47m8\x1B[0;1;34;94;46m8\x1B[0;36;47m8\x1B[0;1;30;90;46m88\x1B[0;36;47m8\x1B[0;37;5;47;107m;\x1B[0;34;40m8   \x1B[0;32;40m. \x1B[0;34;40m  \x1B[0;31;40m  \x1B[0m                                                                                                                                                                                                                                                                                                                                                                                    +
 \x1B[0;34;40m   \x1B[0;32;40m      \x1B[0;31;40m  .\x1B[0;32;40m .  \x1B[0;31;40m  \x1B[0;34;40m.\x1B[0;37;5;40;100m8\x1B[0;1;37;97;47m@\x1B[0;1;30;90;46m8\x1B[0;36;5;44;104mS\x1B[0;1;30;90;46m8\x1B[0;36;5;40;100m:\x1B[0;1;34;94;46m8\x1B[0;1;30;90;47m8\x1B[0;36;5;44;104m@\x1B[0;1;30;90;47m%\x1B[0;37;5;47;107m8\x1B[0;34;40m:        \x1B[0;31;40m \x1B[0m                                                                                                                                                                                                                                                                                                                                                                 +
 \x1B[0;34;40m   \x1B[0;32;40m         \x1B[0;31;40m      \x1B[0;34;40m \x1B[0;36;5;40;100mS\x1B[0;37;5;47;107m@\x1B[0;1;30;90;46m8\x1B[0;1;30;90;47m8\x1B[0;1;34;94;46m8\x1B[0;36;47m8\x1B[0;1;30;90;46m8\x1B[0;1;34;94;46m8\x1B[0;36;5;40;100m.\x1B[0;37;5;47;107mX\x1B[0;36;5;40;100m \x1B[0;34;40m%\x1B[0;32;40m  \x1B[0;34;40m       \x1B[0m                                                                                                                                                                                                                                                                                                                                                                                   +
 \x1B[0;34;40m    \x1B[0;32;40m        \x1B[0;31;40m     \x1B[0;34;40m \x1B[0;31;40m \x1B[0;34;40m \x1B[0;1;30;90;47m8\x1B[0;37;5;47;107m8\x1B[0;36;47m88\x1B[0;1;30;90;46m8\x1B[0;1;30;90;47m8\x1B[0;1;37;97;47m:\x1B[0;37;5;47;107m8\x1B[0;1;30;90;47m8\x1B[0;34;40mX\x1B[0;32;40m.  \x1B[0;34;40m       \x1B[0m                                                                                                                                                                                                                                                                                                                                                                                                                  +
 \x1B[0;34;40m     \x1B[0;32;40m         \x1B[0;31;40m     \x1B[0;34;40m.:8\x1B[0;35;5;40;100m \x1B[0;1;30;90;47m88\x1B[0;35;5;40;100mt\x1B[0;1;30;90;44m8\x1B[0;34;40m%:\x1B[0;32;40m     \x1B[0;34;40m      \x1B[0m
(2 rows)

